2022-02-26 12:39:11.535 INFO  [acme.Launcher@main] Starting Launcher using Java 1.8.0_281 on DESKTOP-KJFL94C with PID 4016 (E:\3-GII-IS\DP2\Workspace-22.0\Frameworks\Acme-Framework-22.1\target\classes started by pparr in E:\3-GII-IS\DP2\Workspace-22.0\Projects\Acme-One) 
2022-02-26 12:39:11.536 DEBUG [acme.Launcher@main] Running with Spring Boot v2.4.2, Spring v5.3.3 
2022-02-26 12:39:11.537 INFO  [acme.Launcher@main] The following profiles are active: development,default 
2022-02-26 12:39:16.172 DEBUG [org.apache.jasper.servlet.JasperInitializer@main] Initializing Jasper for context [application] 
2022-02-26 12:39:24.108 DEBUG [org.apache.jasper.servlet.JspServlet@main] Scratch dir for the JSP engine is: [C:\Users\pparr\AppData\Local\Temp\tomcat.8080.8624972570451000669\work\Tomcat\localhost\acme-one-22.1] 
2022-02-26 12:39:24.110 DEBUG [org.apache.jasper.servlet.JspServlet@main] IMPORTANT: Do not modify the generated servlets 
2022-02-26 12:39:24.127 INFO  [acme.Launcher@main] Started Launcher in 13.802 seconds (JVM running for 15.326) 
2022-02-26 12:39:24.136 DEBUG [acme.Launcher@main] Found classpath entry '/E:/3-GII-IS/DP2/Workspace-22.0/Projects/Acme-One/target/classes/' 
2022-02-26 12:39:24.137 DEBUG [acme.Launcher@main] Found classpath entry '/E:/3-GII-IS/DP2/Workspace-22.0/Projects/Acme-One/target/test-classes/' 
2022-02-26 12:39:24.137 DEBUG [acme.Launcher@main] Found classpath entry '/C:/Users/pparr/.m2/repository/org/springframework/boot/spring-boot-starter-tomcat/2.4.2/spring-boot-starter-tomcat-2.4.2.jar' 
2022-02-26 12:39:24.137 DEBUG [acme.Launcher@main] Found classpath entry '/C:/Users/pparr/.m2/repository/jakarta/annotation/jakarta.annotation-api/1.3.5/jakarta.annotation-api-1.3.5.jar' 
2022-02-26 12:39:24.138 DEBUG [acme.Launcher@main] Found classpath entry '/C:/Users/pparr/.m2/repository/org/apache/tomcat/embed/tomcat-embed-core/9.0.41/tomcat-embed-core-9.0.41.jar' 
2022-02-26 12:39:24.138 DEBUG [acme.Launcher@main] Found classpath entry '/C:/Users/pparr/.m2/repository/org/glassfish/jakarta.el/3.0.3/jakarta.el-3.0.3.jar' 
2022-02-26 12:39:24.139 DEBUG [acme.Launcher@main] Found classpath entry '/C:/Users/pparr/.m2/repository/org/apache/tomcat/embed/tomcat-embed-websocket/9.0.41/tomcat-embed-websocket-9.0.41.jar' 
2022-02-26 12:39:24.139 DEBUG [acme.Launcher@main] Found classpath entry '/C:/Users/pparr/.m2/repository/org/apache/tomcat/embed/tomcat-embed-jasper/9.0.41/tomcat-embed-jasper-9.0.41.jar' 
2022-02-26 12:39:24.139 DEBUG [acme.Launcher@main] Found classpath entry '/C:/Users/pparr/.m2/repository/org/apache/tomcat/embed/tomcat-embed-el/9.0.41/tomcat-embed-el-9.0.41.jar' 
2022-02-26 12:39:24.140 DEBUG [acme.Launcher@main] Found classpath entry '/C:/Users/pparr/.m2/repository/org/eclipse/jdt/ecj/3.18.0/ecj-3.18.0.jar' 
2022-02-26 12:39:24.140 DEBUG [acme.Launcher@main] Found classpath entry '/C:/Users/pparr/.m2/repository/javax/servlet/jstl/1.2/jstl-1.2.jar' 
2022-02-26 12:39:24.140 DEBUG [acme.Launcher@main] Found classpath entry '/C:/Users/pparr/.m2/repository/org/springframework/boot/spring-boot-starter-test/2.4.2/spring-boot-starter-test-2.4.2.jar' 
2022-02-26 12:39:24.141 DEBUG [acme.Launcher@main] Found classpath entry '/C:/Users/pparr/.m2/repository/org/springframework/boot/spring-boot-starter/2.4.2/spring-boot-starter-2.4.2.jar' 
2022-02-26 12:39:24.141 DEBUG [acme.Launcher@main] Found classpath entry '/C:/Users/pparr/.m2/repository/org/springframework/boot/spring-boot/2.4.2/spring-boot-2.4.2.jar' 
2022-02-26 12:39:24.142 DEBUG [acme.Launcher@main] Found classpath entry '/C:/Users/pparr/.m2/repository/org/springframework/boot/spring-boot-autoconfigure/2.4.2/spring-boot-autoconfigure-2.4.2.jar' 
2022-02-26 12:39:24.142 DEBUG [acme.Launcher@main] Found classpath entry '/C:/Users/pparr/.m2/repository/org/springframework/boot/spring-boot-starter-logging/2.4.2/spring-boot-starter-logging-2.4.2.jar' 
2022-02-26 12:39:24.143 DEBUG [acme.Launcher@main] Found classpath entry '/C:/Users/pparr/.m2/repository/ch/qos/logback/logback-classic/1.2.3/logback-classic-1.2.3.jar' 
2022-02-26 12:39:24.143 DEBUG [acme.Launcher@main] Found classpath entry '/C:/Users/pparr/.m2/repository/ch/qos/logback/logback-core/1.2.3/logback-core-1.2.3.jar' 
2022-02-26 12:39:24.144 DEBUG [acme.Launcher@main] Found classpath entry '/C:/Users/pparr/.m2/repository/org/apache/logging/log4j/log4j-to-slf4j/2.13.3/log4j-to-slf4j-2.13.3.jar' 
2022-02-26 12:39:24.144 DEBUG [acme.Launcher@main] Found classpath entry '/C:/Users/pparr/.m2/repository/org/apache/logging/log4j/log4j-api/2.13.3/log4j-api-2.13.3.jar' 
2022-02-26 12:39:24.144 DEBUG [acme.Launcher@main] Found classpath entry '/C:/Users/pparr/.m2/repository/org/slf4j/jul-to-slf4j/1.7.30/jul-to-slf4j-1.7.30.jar' 
2022-02-26 12:39:24.145 DEBUG [acme.Launcher@main] Found classpath entry '/C:/Users/pparr/.m2/repository/org/yaml/snakeyaml/1.27/snakeyaml-1.27.jar' 
2022-02-26 12:39:24.145 DEBUG [acme.Launcher@main] Found classpath entry '/C:/Users/pparr/.m2/repository/org/springframework/boot/spring-boot-test/2.4.2/spring-boot-test-2.4.2.jar' 
2022-02-26 12:39:24.146 DEBUG [acme.Launcher@main] Found classpath entry '/C:/Users/pparr/.m2/repository/org/springframework/boot/spring-boot-test-autoconfigure/2.4.2/spring-boot-test-autoconfigure-2.4.2.jar' 
2022-02-26 12:39:24.146 DEBUG [acme.Launcher@main] Found classpath entry '/C:/Users/pparr/.m2/repository/com/jayway/jsonpath/json-path/2.4.0/json-path-2.4.0.jar' 
2022-02-26 12:39:24.146 DEBUG [acme.Launcher@main] Found classpath entry '/C:/Users/pparr/.m2/repository/net/minidev/json-smart/2.3/json-smart-2.3.jar' 
2022-02-26 12:39:24.147 DEBUG [acme.Launcher@main] Found classpath entry '/C:/Users/pparr/.m2/repository/net/minidev/accessors-smart/1.2/accessors-smart-1.2.jar' 
2022-02-26 12:39:24.147 DEBUG [acme.Launcher@main] Found classpath entry '/C:/Users/pparr/.m2/repository/org/ow2/asm/asm/5.0.4/asm-5.0.4.jar' 
2022-02-26 12:39:24.147 DEBUG [acme.Launcher@main] Found classpath entry '/C:/Users/pparr/.m2/repository/jakarta/xml/bind/jakarta.xml.bind-api/2.3.3/jakarta.xml.bind-api-2.3.3.jar' 
2022-02-26 12:39:24.148 DEBUG [acme.Launcher@main] Found classpath entry '/C:/Users/pparr/.m2/repository/jakarta/activation/jakarta.activation-api/1.2.2/jakarta.activation-api-1.2.2.jar' 
2022-02-26 12:39:24.148 DEBUG [acme.Launcher@main] Found classpath entry '/C:/Users/pparr/.m2/repository/org/assertj/assertj-core/3.18.1/assertj-core-3.18.1.jar' 
2022-02-26 12:39:24.148 DEBUG [acme.Launcher@main] Found classpath entry '/C:/Users/pparr/.m2/repository/org/hamcrest/hamcrest/2.2/hamcrest-2.2.jar' 
2022-02-26 12:39:24.149 DEBUG [acme.Launcher@main] Found classpath entry '/C:/Users/pparr/.m2/repository/org/junit/jupiter/junit-jupiter/5.7.0/junit-jupiter-5.7.0.jar' 
2022-02-26 12:39:24.149 DEBUG [acme.Launcher@main] Found classpath entry '/C:/Users/pparr/.m2/repository/org/mockito/mockito-core/3.6.28/mockito-core-3.6.28.jar' 
2022-02-26 12:39:24.149 DEBUG [acme.Launcher@main] Found classpath entry '/C:/Users/pparr/.m2/repository/net/bytebuddy/byte-buddy-agent/1.10.19/byte-buddy-agent-1.10.19.jar' 
2022-02-26 12:39:24.150 DEBUG [acme.Launcher@main] Found classpath entry '/C:/Users/pparr/.m2/repository/org/objenesis/objenesis/3.1/objenesis-3.1.jar' 
2022-02-26 12:39:24.150 DEBUG [acme.Launcher@main] Found classpath entry '/C:/Users/pparr/.m2/repository/org/mockito/mockito-junit-jupiter/3.6.28/mockito-junit-jupiter-3.6.28.jar' 
2022-02-26 12:39:24.150 DEBUG [acme.Launcher@main] Found classpath entry '/C:/Users/pparr/.m2/repository/org/skyscreamer/jsonassert/1.5.0/jsonassert-1.5.0.jar' 
2022-02-26 12:39:24.151 DEBUG [acme.Launcher@main] Found classpath entry '/C:/Users/pparr/.m2/repository/com/vaadin/external/google/android-json/0.0.20131108.vaadin1/android-json-0.0.20131108.vaadin1.jar' 
2022-02-26 12:39:24.151 DEBUG [acme.Launcher@main] Found classpath entry '/C:/Users/pparr/.m2/repository/org/springframework/spring-core/5.3.3/spring-core-5.3.3.jar' 
2022-02-26 12:39:24.151 DEBUG [acme.Launcher@main] Found classpath entry '/C:/Users/pparr/.m2/repository/org/springframework/spring-jcl/5.3.3/spring-jcl-5.3.3.jar' 
2022-02-26 12:39:24.151 DEBUG [acme.Launcher@main] Found classpath entry '/C:/Users/pparr/.m2/repository/org/springframework/spring-test/5.3.3/spring-test-5.3.3.jar' 
2022-02-26 12:39:24.152 DEBUG [acme.Launcher@main] Found classpath entry '/C:/Users/pparr/.m2/repository/org/xmlunit/xmlunit-core/2.7.0/xmlunit-core-2.7.0.jar' 
2022-02-26 12:39:24.152 DEBUG [acme.Launcher@main] Found classpath entry '/C:/Users/pparr/.m2/repository/org/springframework/boot/spring-boot-starter-security/2.4.2/spring-boot-starter-security-2.4.2.jar' 
2022-02-26 12:39:24.153 DEBUG [acme.Launcher@main] Found classpath entry '/C:/Users/pparr/.m2/repository/org/springframework/spring-aop/5.3.3/spring-aop-5.3.3.jar' 
2022-02-26 12:39:24.153 DEBUG [acme.Launcher@main] Found classpath entry '/C:/Users/pparr/.m2/repository/org/springframework/security/spring-security-web/5.4.2/spring-security-web-5.4.2.jar' 
2022-02-26 12:39:24.154 DEBUG [acme.Launcher@main] Found classpath entry '/C:/Users/pparr/.m2/repository/org/springframework/security/spring-security-core/5.4.2/spring-security-core-5.4.2.jar' 
2022-02-26 12:39:24.154 DEBUG [acme.Launcher@main] Found classpath entry '/C:/Users/pparr/.m2/repository/org/springframework/spring-beans/5.3.3/spring-beans-5.3.3.jar' 
2022-02-26 12:39:24.155 DEBUG [acme.Launcher@main] Found classpath entry '/C:/Users/pparr/.m2/repository/org/springframework/spring-context/5.3.3/spring-context-5.3.3.jar' 
2022-02-26 12:39:24.155 DEBUG [acme.Launcher@main] Found classpath entry '/C:/Users/pparr/.m2/repository/org/springframework/spring-expression/5.3.3/spring-expression-5.3.3.jar' 
2022-02-26 12:39:24.155 DEBUG [acme.Launcher@main] Found classpath entry '/C:/Users/pparr/.m2/repository/org/springframework/spring-web/5.3.3/spring-web-5.3.3.jar' 
2022-02-26 12:39:24.156 DEBUG [acme.Launcher@main] Found classpath entry '/C:/Users/pparr/.m2/repository/org/springframework/security/spring-security-config/5.4.2/spring-security-config-5.4.2.jar' 
2022-02-26 12:39:24.156 DEBUG [acme.Launcher@main] Found classpath entry '/C:/Users/pparr/.m2/repository/org/springframework/security/spring-security-taglibs/5.4.2/spring-security-taglibs-5.4.2.jar' 
2022-02-26 12:39:24.156 DEBUG [acme.Launcher@main] Found classpath entry '/C:/Users/pparr/.m2/repository/org/springframework/security/spring-security-acl/5.4.2/spring-security-acl-5.4.2.jar' 
2022-02-26 12:39:24.157 DEBUG [acme.Launcher@main] Found classpath entry '/C:/Users/pparr/.m2/repository/org/springframework/spring-jdbc/5.3.3/spring-jdbc-5.3.3.jar' 
2022-02-26 12:39:24.157 DEBUG [acme.Launcher@main] Found classpath entry '/C:/Users/pparr/.m2/repository/org/springframework/spring-tx/5.3.3/spring-tx-5.3.3.jar' 
2022-02-26 12:39:24.158 DEBUG [acme.Launcher@main] Found classpath entry '/C:/Users/pparr/.m2/repository/org/springframework/boot/spring-boot-starter-web/2.4.2/spring-boot-starter-web-2.4.2.jar' 
2022-02-26 12:39:24.158 DEBUG [acme.Launcher@main] Found classpath entry '/C:/Users/pparr/.m2/repository/org/springframework/boot/spring-boot-starter-json/2.4.2/spring-boot-starter-json-2.4.2.jar' 
2022-02-26 12:39:24.158 DEBUG [acme.Launcher@main] Found classpath entry '/C:/Users/pparr/.m2/repository/com/fasterxml/jackson/core/jackson-databind/2.11.4/jackson-databind-2.11.4.jar' 
2022-02-26 12:39:24.159 DEBUG [acme.Launcher@main] Found classpath entry '/C:/Users/pparr/.m2/repository/com/fasterxml/jackson/core/jackson-annotations/2.11.4/jackson-annotations-2.11.4.jar' 
2022-02-26 12:39:24.159 DEBUG [acme.Launcher@main] Found classpath entry '/C:/Users/pparr/.m2/repository/com/fasterxml/jackson/core/jackson-core/2.11.4/jackson-core-2.11.4.jar' 
2022-02-26 12:39:24.159 DEBUG [acme.Launcher@main] Found classpath entry '/C:/Users/pparr/.m2/repository/com/fasterxml/jackson/datatype/jackson-datatype-jdk8/2.11.4/jackson-datatype-jdk8-2.11.4.jar' 
2022-02-26 12:39:24.160 DEBUG [acme.Launcher@main] Found classpath entry '/C:/Users/pparr/.m2/repository/com/fasterxml/jackson/datatype/jackson-datatype-jsr310/2.11.4/jackson-datatype-jsr310-2.11.4.jar' 
2022-02-26 12:39:24.160 DEBUG [acme.Launcher@main] Found classpath entry '/C:/Users/pparr/.m2/repository/com/fasterxml/jackson/module/jackson-module-parameter-names/2.11.4/jackson-module-parameter-names-2.11.4.jar' 
2022-02-26 12:39:24.160 DEBUG [acme.Launcher@main] Found classpath entry '/C:/Users/pparr/.m2/repository/org/springframework/spring-webmvc/5.3.3/spring-webmvc-5.3.3.jar' 
2022-02-26 12:39:24.161 DEBUG [acme.Launcher@main] Found classpath entry '/C:/Users/pparr/.m2/repository/org/apache/tiles/tiles-jsp/3.0.8/tiles-jsp-3.0.8.jar' 
2022-02-26 12:39:24.161 DEBUG [acme.Launcher@main] Found classpath entry '/C:/Users/pparr/.m2/repository/org/apache/tiles/tiles-servlet/3.0.8/tiles-servlet-3.0.8.jar' 
2022-02-26 12:39:24.161 DEBUG [acme.Launcher@main] Found classpath entry '/C:/Users/pparr/.m2/repository/org/apache/tiles/tiles-core/3.0.8/tiles-core-3.0.8.jar' 
2022-02-26 12:39:24.162 DEBUG [acme.Launcher@main] Found classpath entry '/C:/Users/pparr/.m2/repository/commons-digester/commons-digester/2.0/commons-digester-2.0.jar' 
2022-02-26 12:39:24.162 DEBUG [acme.Launcher@main] Found classpath entry '/C:/Users/pparr/.m2/repository/org/slf4j/jcl-over-slf4j/1.7.30/jcl-over-slf4j-1.7.30.jar' 
2022-02-26 12:39:24.162 DEBUG [acme.Launcher@main] Found classpath entry '/C:/Users/pparr/.m2/repository/org/apache/tiles/tiles-request-servlet/1.0.7/tiles-request-servlet-1.0.7.jar' 
2022-02-26 12:39:24.163 DEBUG [acme.Launcher@main] Found classpath entry '/C:/Users/pparr/.m2/repository/org/apache/tiles/tiles-template/3.0.8/tiles-template-3.0.8.jar' 
2022-02-26 12:39:24.163 DEBUG [acme.Launcher@main] Found classpath entry '/C:/Users/pparr/.m2/repository/org/apache/tiles/tiles-api/3.0.8/tiles-api-3.0.8.jar' 
2022-02-26 12:39:24.163 DEBUG [acme.Launcher@main] Found classpath entry '/C:/Users/pparr/.m2/repository/org/apache/tiles/tiles-autotag-core-runtime/1.2/tiles-autotag-core-runtime-1.2.jar' 
2022-02-26 12:39:24.164 DEBUG [acme.Launcher@main] Found classpath entry '/C:/Users/pparr/.m2/repository/org/slf4j/slf4j-api/1.7.30/slf4j-api-1.7.30.jar' 
2022-02-26 12:39:24.164 DEBUG [acme.Launcher@main] Found classpath entry '/C:/Users/pparr/.m2/repository/org/apache/tiles/tiles-request-jsp/1.0.7/tiles-request-jsp-1.0.7.jar' 
2022-02-26 12:39:24.164 DEBUG [acme.Launcher@main] Found classpath entry '/C:/Users/pparr/.m2/repository/org/apache/tiles/tiles-request-api/1.0.7/tiles-request-api-1.0.7.jar' 
2022-02-26 12:39:24.165 DEBUG [acme.Launcher@main] Found classpath entry '/C:/Users/pparr/.m2/repository/org/springframework/boot/spring-boot-starter-data-jpa/2.4.2/spring-boot-starter-data-jpa-2.4.2.jar' 
2022-02-26 12:39:24.165 DEBUG [acme.Launcher@main] Found classpath entry '/C:/Users/pparr/.m2/repository/org/springframework/boot/spring-boot-starter-aop/2.4.2/spring-boot-starter-aop-2.4.2.jar' 
2022-02-26 12:39:24.165 DEBUG [acme.Launcher@main] Found classpath entry '/C:/Users/pparr/.m2/repository/org/aspectj/aspectjweaver/1.9.6/aspectjweaver-1.9.6.jar' 
2022-02-26 12:39:24.166 DEBUG [acme.Launcher@main] Found classpath entry '/C:/Users/pparr/.m2/repository/org/springframework/boot/spring-boot-starter-jdbc/2.4.2/spring-boot-starter-jdbc-2.4.2.jar' 
2022-02-26 12:39:24.166 DEBUG [acme.Launcher@main] Found classpath entry '/C:/Users/pparr/.m2/repository/jakarta/transaction/jakarta.transaction-api/1.3.3/jakarta.transaction-api-1.3.3.jar' 
2022-02-26 12:39:24.166 DEBUG [acme.Launcher@main] Found classpath entry '/C:/Users/pparr/.m2/repository/jakarta/persistence/jakarta.persistence-api/2.2.3/jakarta.persistence-api-2.2.3.jar' 
2022-02-26 12:39:24.167 DEBUG [acme.Launcher@main] Found classpath entry '/C:/Users/pparr/.m2/repository/org/hibernate/hibernate-core/5.4.27.Final/hibernate-core-5.4.27.Final.jar' 
2022-02-26 12:39:24.167 DEBUG [acme.Launcher@main] Found classpath entry '/C:/Users/pparr/.m2/repository/org/jboss/logging/jboss-logging/3.4.1.Final/jboss-logging-3.4.1.Final.jar' 
2022-02-26 12:39:24.167 DEBUG [acme.Launcher@main] Found classpath entry '/C:/Users/pparr/.m2/repository/org/javassist/javassist/3.27.0-GA/javassist-3.27.0-GA.jar' 
2022-02-26 12:39:24.168 DEBUG [acme.Launcher@main] Found classpath entry '/C:/Users/pparr/.m2/repository/antlr/antlr/2.7.7/antlr-2.7.7.jar' 
2022-02-26 12:39:24.168 DEBUG [acme.Launcher@main] Found classpath entry '/C:/Users/pparr/.m2/repository/org/jboss/jandex/2.1.3.Final/jandex-2.1.3.Final.jar' 
2022-02-26 12:39:24.168 DEBUG [acme.Launcher@main] Found classpath entry '/C:/Users/pparr/.m2/repository/com/fasterxml/classmate/1.5.1/classmate-1.5.1.jar' 
2022-02-26 12:39:24.169 DEBUG [acme.Launcher@main] Found classpath entry '/C:/Users/pparr/.m2/repository/org/dom4j/dom4j/2.1.3/dom4j-2.1.3.jar' 
2022-02-26 12:39:24.169 DEBUG [acme.Launcher@main] Found classpath entry '/C:/Users/pparr/.m2/repository/org/hibernate/common/hibernate-commons-annotations/5.1.2.Final/hibernate-commons-annotations-5.1.2.Final.jar' 
2022-02-26 12:39:24.169 DEBUG [acme.Launcher@main] Found classpath entry '/C:/Users/pparr/.m2/repository/org/glassfish/jaxb/jaxb-runtime/2.3.3/jaxb-runtime-2.3.3.jar' 
2022-02-26 12:39:24.169 DEBUG [acme.Launcher@main] Found classpath entry '/C:/Users/pparr/.m2/repository/org/glassfish/jaxb/txw2/2.3.3/txw2-2.3.3.jar' 
2022-02-26 12:39:24.170 DEBUG [acme.Launcher@main] Found classpath entry '/C:/Users/pparr/.m2/repository/com/sun/istack/istack-commons-runtime/3.0.11/istack-commons-runtime-3.0.11.jar' 
2022-02-26 12:39:24.170 DEBUG [acme.Launcher@main] Found classpath entry '/C:/Users/pparr/.m2/repository/com/sun/activation/jakarta.activation/1.2.2/jakarta.activation-1.2.2.jar' 
2022-02-26 12:39:24.170 DEBUG [acme.Launcher@main] Found classpath entry '/C:/Users/pparr/.m2/repository/org/springframework/data/spring-data-jpa/2.4.3/spring-data-jpa-2.4.3.jar' 
2022-02-26 12:39:24.170 DEBUG [acme.Launcher@main] Found classpath entry '/C:/Users/pparr/.m2/repository/org/springframework/data/spring-data-commons/2.4.3/spring-data-commons-2.4.3.jar' 
2022-02-26 12:39:24.170 DEBUG [acme.Launcher@main] Found classpath entry '/C:/Users/pparr/.m2/repository/org/springframework/spring-orm/5.3.3/spring-orm-5.3.3.jar' 
2022-02-26 12:39:24.170 DEBUG [acme.Launcher@main] Found classpath entry '/C:/Users/pparr/.m2/repository/org/springframework/spring-aspects/5.3.3/spring-aspects-5.3.3.jar' 
2022-02-26 12:39:24.170 DEBUG [acme.Launcher@main] Found classpath entry '/C:/Users/pparr/.m2/repository/org/springframework/boot/spring-boot-starter-validation/2.4.2/spring-boot-starter-validation-2.4.2.jar' 
2022-02-26 12:39:24.171 DEBUG [acme.Launcher@main] Found classpath entry '/C:/Users/pparr/.m2/repository/org/hibernate/validator/hibernate-validator/6.1.7.Final/hibernate-validator-6.1.7.Final.jar' 
2022-02-26 12:39:24.171 DEBUG [acme.Launcher@main] Found classpath entry '/C:/Users/pparr/.m2/repository/jakarta/validation/jakarta.validation-api/2.0.2/jakarta.validation-api-2.0.2.jar' 
2022-02-26 12:39:24.172 DEBUG [acme.Launcher@main] Found classpath entry '/C:/Users/pparr/.m2/repository/mysql/mysql-connector-java/8.0.22/mysql-connector-java-8.0.22.jar' 
2022-02-26 12:39:24.172 DEBUG [acme.Launcher@main] Found classpath entry '/C:/Users/pparr/.m2/repository/com/zaxxer/HikariCP/3.4.5/HikariCP-3.4.5.jar' 
2022-02-26 12:39:24.173 DEBUG [acme.Launcher@main] Found classpath entry '/C:/Users/pparr/.m2/repository/org/junit/jupiter/junit-jupiter-engine/5.7.0/junit-jupiter-engine-5.7.0.jar' 
2022-02-26 12:39:24.173 DEBUG [acme.Launcher@main] Found classpath entry '/C:/Users/pparr/.m2/repository/org/apiguardian/apiguardian-api/1.1.0/apiguardian-api-1.1.0.jar' 
2022-02-26 12:39:24.173 DEBUG [acme.Launcher@main] Found classpath entry '/C:/Users/pparr/.m2/repository/org/junit/platform/junit-platform-engine/1.7.0/junit-platform-engine-1.7.0.jar' 
2022-02-26 12:39:24.173 DEBUG [acme.Launcher@main] Found classpath entry '/C:/Users/pparr/.m2/repository/org/junit/jupiter/junit-jupiter-api/5.7.0/junit-jupiter-api-5.7.0.jar' 
2022-02-26 12:39:24.174 DEBUG [acme.Launcher@main] Found classpath entry '/C:/Users/pparr/.m2/repository/org/opentest4j/opentest4j/1.2.0/opentest4j-1.2.0.jar' 
2022-02-26 12:39:24.174 DEBUG [acme.Launcher@main] Found classpath entry '/C:/Users/pparr/.m2/repository/org/junit/platform/junit-platform-commons/1.7.0/junit-platform-commons-1.7.0.jar' 
2022-02-26 12:39:24.174 DEBUG [acme.Launcher@main] Found classpath entry '/C:/Users/pparr/.m2/repository/org/junit/jupiter/junit-jupiter-params/5.7.0/junit-jupiter-params-5.7.0.jar' 
2022-02-26 12:39:24.174 DEBUG [acme.Launcher@main] Found classpath entry '/C:/Users/pparr/.m2/repository/org/junit/platform/junit-platform-launcher/1.7.0/junit-platform-launcher-1.7.0.jar' 
2022-02-26 12:39:24.174 DEBUG [acme.Launcher@main] Found classpath entry '/C:/Users/pparr/.m2/repository/org/seleniumhq/selenium/selenium-java/3.141.59/selenium-java-3.141.59.jar' 
2022-02-26 12:39:24.175 DEBUG [acme.Launcher@main] Found classpath entry '/C:/Users/pparr/.m2/repository/org/seleniumhq/selenium/selenium-api/3.141.59/selenium-api-3.141.59.jar' 
2022-02-26 12:39:24.175 DEBUG [acme.Launcher@main] Found classpath entry '/C:/Users/pparr/.m2/repository/org/seleniumhq/selenium/selenium-chrome-driver/3.141.59/selenium-chrome-driver-3.141.59.jar' 
2022-02-26 12:39:24.175 DEBUG [acme.Launcher@main] Found classpath entry '/C:/Users/pparr/.m2/repository/org/seleniumhq/selenium/selenium-edge-driver/3.141.59/selenium-edge-driver-3.141.59.jar' 
2022-02-26 12:39:24.175 DEBUG [acme.Launcher@main] Found classpath entry '/C:/Users/pparr/.m2/repository/org/seleniumhq/selenium/selenium-firefox-driver/3.141.59/selenium-firefox-driver-3.141.59.jar' 
2022-02-26 12:39:24.175 DEBUG [acme.Launcher@main] Found classpath entry '/C:/Users/pparr/.m2/repository/org/seleniumhq/selenium/selenium-ie-driver/3.141.59/selenium-ie-driver-3.141.59.jar' 
2022-02-26 12:39:24.176 DEBUG [acme.Launcher@main] Found classpath entry '/C:/Users/pparr/.m2/repository/org/seleniumhq/selenium/selenium-opera-driver/3.141.59/selenium-opera-driver-3.141.59.jar' 
2022-02-26 12:39:24.176 DEBUG [acme.Launcher@main] Found classpath entry '/C:/Users/pparr/.m2/repository/org/seleniumhq/selenium/selenium-remote-driver/3.141.59/selenium-remote-driver-3.141.59.jar' 
2022-02-26 12:39:24.177 DEBUG [acme.Launcher@main] Found classpath entry '/C:/Users/pparr/.m2/repository/org/seleniumhq/selenium/selenium-safari-driver/3.141.59/selenium-safari-driver-3.141.59.jar' 
2022-02-26 12:39:24.177 DEBUG [acme.Launcher@main] Found classpath entry '/C:/Users/pparr/.m2/repository/org/seleniumhq/selenium/selenium-support/3.141.59/selenium-support-3.141.59.jar' 
2022-02-26 12:39:24.177 DEBUG [acme.Launcher@main] Found classpath entry '/C:/Users/pparr/.m2/repository/net/bytebuddy/byte-buddy/1.10.19/byte-buddy-1.10.19.jar' 
2022-02-26 12:39:24.178 DEBUG [acme.Launcher@main] Found classpath entry '/C:/Users/pparr/.m2/repository/org/apache/commons/commons-exec/1.3/commons-exec-1.3.jar' 
2022-02-26 12:39:24.178 DEBUG [acme.Launcher@main] Found classpath entry '/C:/Users/pparr/.m2/repository/com/google/guava/guava/25.0-jre/guava-25.0-jre.jar' 
2022-02-26 12:39:24.178 DEBUG [acme.Launcher@main] Found classpath entry '/C:/Users/pparr/.m2/repository/com/google/code/findbugs/jsr305/1.3.9/jsr305-1.3.9.jar' 
2022-02-26 12:39:24.178 DEBUG [acme.Launcher@main] Found classpath entry '/C:/Users/pparr/.m2/repository/org/checkerframework/checker-compat-qual/2.0.0/checker-compat-qual-2.0.0.jar' 
2022-02-26 12:39:24.179 DEBUG [acme.Launcher@main] Found classpath entry '/C:/Users/pparr/.m2/repository/com/google/errorprone/error_prone_annotations/2.1.3/error_prone_annotations-2.1.3.jar' 
2022-02-26 12:39:24.179 DEBUG [acme.Launcher@main] Found classpath entry '/C:/Users/pparr/.m2/repository/com/google/j2objc/j2objc-annotations/1.1/j2objc-annotations-1.1.jar' 
2022-02-26 12:39:24.179 DEBUG [acme.Launcher@main] Found classpath entry '/C:/Users/pparr/.m2/repository/org/codehaus/mojo/animal-sniffer-annotations/1.14/animal-sniffer-annotations-1.14.jar' 
2022-02-26 12:39:24.179 DEBUG [acme.Launcher@main] Found classpath entry '/C:/Users/pparr/.m2/repository/com/squareup/okhttp3/okhttp/3.14.9/okhttp-3.14.9.jar' 
2022-02-26 12:39:24.180 DEBUG [acme.Launcher@main] Found classpath entry '/C:/Users/pparr/.m2/repository/com/squareup/okio/okio/1.14.0/okio-1.14.0.jar' 
2022-02-26 12:39:24.180 DEBUG [acme.Launcher@main] Found classpath entry '/C:/Users/pparr/.m2/repository/org/apache/commons/commons-lang3/3.11/commons-lang3-3.11.jar' 
2022-02-26 12:39:24.180 DEBUG [acme.Launcher@main] Found classpath entry '/C:/Users/pparr/.m2/repository/org/apache/commons/commons-text/1.8/commons-text-1.8.jar' 
2022-02-26 12:39:24.180 DEBUG [acme.Launcher@main] Found classpath entry '/C:/Users/pparr/.m2/repository/commons-io/commons-io/2.6/commons-io-2.6.jar' 
2022-02-26 12:39:24.180 DEBUG [acme.Launcher@main] Found classpath entry '/C:/Users/pparr/.m2/repository/commons-cli/commons-cli/1.4/commons-cli-1.4.jar' 
2022-02-26 12:39:24.180 DEBUG [acme.Launcher@main] Found classpath entry '/C:/Users/pparr/.m2/repository/org/projectlombok/lombok/1.18.16/lombok-1.18.16.jar' 
2022-02-26 12:39:24.181 DEBUG [acme.Launcher@main] Found classpath entry '/C:/Users/pparr/.m2/repository/com/opencsv/opencsv/5.4/opencsv-5.4.jar' 
2022-02-26 12:39:24.181 DEBUG [acme.Launcher@main] Found classpath entry '/C:/Users/pparr/.m2/repository/commons-beanutils/commons-beanutils/1.9.4/commons-beanutils-1.9.4.jar' 
2022-02-26 12:39:24.181 DEBUG [acme.Launcher@main] Found classpath entry '/C:/Users/pparr/.m2/repository/commons-logging/commons-logging/1.2/commons-logging-1.2.jar' 
2022-02-26 12:39:24.181 DEBUG [acme.Launcher@main] Found classpath entry '/C:/Users/pparr/.m2/repository/commons-collections/commons-collections/3.2.2/commons-collections-3.2.2.jar' 
2022-02-26 12:39:24.181 DEBUG [acme.Launcher@main] Found classpath entry '/C:/Users/pparr/.m2/repository/org/apache/commons/commons-collections4/4.4/commons-collections4-4.4.jar' 
2022-02-26 12:39:24.182 DEBUG [acme.Launcher@main] Found classpath entry '/E:/3-GII-IS/DP2/Workspace-22.0/Frameworks/Acme-Framework-22.1/target/classes/' 
2022-02-26 12:39:24.182 DEBUG [acme.Launcher@main] Found classpath entry '/E:/3-GII-IS/DP2/Workspace-22.0/Frameworks/Acme-Framework-22.1/target/test-classes/' 
2022-02-26 12:39:24.182 DEBUG [acme.Launcher@main] Found classpath entry '/E:/3-GII-IS/DP2/Workspace-22.0/Tools/IDEs/eclipse-jee-2021-12-R/configuration/org.eclipse.osgi/418/0/.cp/lib/javaagent-shaded.jar' 
2022-02-26 12:39:24.327 DEBUG [acme.Launcher@main] Found entity class 'acme.roles.Consumer 
2022-02-26 12:39:24.327 DEBUG [acme.Launcher@main] Found entity class 'acme.roles.Provider 
2022-02-26 12:39:24.327 DEBUG [acme.Launcher@main] Found entity class 'acme.framework.entities.UserAccount 
2022-02-26 12:39:24.328 DEBUG [acme.Launcher@main] Found entity class 'acme.framework.roles.Administrator 
2022-02-26 12:39:24.328 DEBUG [acme.Launcher@main] Found entity class 'acme.framework.roles.Anonymous 
2022-02-26 12:39:24.328 DEBUG [acme.Launcher@main] Found entity class 'acme.framework.roles.Authenticated 
2022-02-26 12:39:24.336 INFO  [acme.Launcher@main] Running application (Standalone) 
2022-02-26 12:40:00.338 DEBUG [acme.framework.components.tiles.DynamicTilesView@http-nio-8080-exec-7] View name 'fragments/welcome', model {} 
2022-02-26 12:40:00.362 DEBUG [org.apache.tiles.definition.dao.BaseLocaleUrlDefinitionDAO@http-nio-8080-exec-7] File Resource file:/E:/3-GII-IS/DP2/Workspace-22.0/Projects/Acme-One/target/classes/WEB-INF/views/master/tiles_en.xml at file:/E:/3-GII-IS/DP2/Workspace-22.0/Projects/Acme-One/target/classes/WEB-INF/views/master/tiles_en.xml not found, continue 
2022-02-26 12:40:00.375 DEBUG [org.apache.jasper.servlet.JspServlet@http-nio-8080-exec-7] JspEngine --> /WEB-INF/views/master/page.jsp 
2022-02-26 12:40:00.375 DEBUG [org.apache.jasper.servlet.JspServlet@http-nio-8080-exec-7] ServletPath: /WEB-INF/views/master/page.jsp 
2022-02-26 12:40:00.376 DEBUG [org.apache.jasper.servlet.JspServlet@http-nio-8080-exec-7] PathInfo: null 
2022-02-26 12:40:00.378 DEBUG [org.apache.jasper.servlet.JspServlet@http-nio-8080-exec-7] RealPath: E:\3-GII-IS\DP2\Workspace-22.0\Projects\Acme-One\target\classes\WEB-INF\views\master\page.jsp 
2022-02-26 12:40:00.379 DEBUG [org.apache.jasper.servlet.JspServlet@http-nio-8080-exec-7] RequestURI: /acme-one-22.1/WEB-INF/views/master/page.jsp 
2022-02-26 12:40:00.380 DEBUG [org.apache.jasper.servlet.JspServlet@http-nio-8080-exec-7] QueryString: null 
2022-02-26 12:40:06.269 DEBUG [acme.framework.configuration.ExtendedMessageSource@http-nio-8080-exec-7] Loading properties [E:\3-GII-IS\DP2\Workspace-22.0\Projects\Acme-One\target\classes\WEB-INF\views\administrator\user-account\messages-en.i18n] with encoding 'utf-8' 
2022-02-26 12:40:06.271 DEBUG [acme.framework.configuration.ExtendedMessageSource@http-nio-8080-exec-7] Loading properties [E:\3-GII-IS\DP2\Workspace-22.0\Projects\Acme-One\target\classes\WEB-INF\views\anonymous\user-account\messages-en.i18n] with encoding 'utf-8' 
2022-02-26 12:40:06.273 DEBUG [acme.framework.configuration.ExtendedMessageSource@http-nio-8080-exec-7] Loading properties [E:\3-GII-IS\DP2\Workspace-22.0\Projects\Acme-One\target\classes\WEB-INF\views\authenticated\consumer\messsages-en.i18n] with encoding 'utf-8' 
2022-02-26 12:40:06.274 DEBUG [acme.framework.configuration.ExtendedMessageSource@http-nio-8080-exec-7] Loading properties [E:\3-GII-IS\DP2\Workspace-22.0\Projects\Acme-One\target\classes\WEB-INF\views\authenticated\provider\messsages-en.i18n] with encoding 'utf-8' 
2022-02-26 12:40:06.278 DEBUG [acme.framework.configuration.ExtendedMessageSource@http-nio-8080-exec-7] Loading properties [E:\3-GII-IS\DP2\Workspace-22.0\Projects\Acme-One\target\classes\WEB-INF\views\authenticated\user-account\messages-en.i18n] with encoding 'utf-8' 
2022-02-26 12:40:06.280 DEBUG [acme.framework.configuration.ExtendedMessageSource@http-nio-8080-exec-7] Loading properties [E:\3-GII-IS\DP2\Workspace-22.0\Projects\Acme-One\target\classes\WEB-INF\views\fragments\banner-en.i18n] with encoding 'utf-8' 
2022-02-26 12:40:06.281 DEBUG [acme.framework.configuration.ExtendedMessageSource@http-nio-8080-exec-7] Loading properties [E:\3-GII-IS\DP2\Workspace-22.0\Projects\Acme-One\target\classes\WEB-INF\views\fragments\company-en.i18n] with encoding 'utf-8' 
2022-02-26 12:40:06.282 DEBUG [acme.framework.configuration.ExtendedMessageSource@http-nio-8080-exec-7] Loading properties [E:\3-GII-IS\DP2\Workspace-22.0\Projects\Acme-One\target\classes\WEB-INF\views\fragments\footer-en.i18n] with encoding 'utf-8' 
2022-02-26 12:40:06.284 DEBUG [acme.framework.configuration.ExtendedMessageSource@http-nio-8080-exec-7] Loading properties [E:\3-GII-IS\DP2\Workspace-22.0\Projects\Acme-One\target\classes\WEB-INF\views\fragments\license-en.i18n] with encoding 'utf-8' 
2022-02-26 12:40:06.285 DEBUG [acme.framework.configuration.ExtendedMessageSource@http-nio-8080-exec-7] Loading properties [E:\3-GII-IS\DP2\Workspace-22.0\Projects\Acme-One\target\classes\WEB-INF\views\fragments\menu-en.i18n] with encoding 'utf-8' 
2022-02-26 12:40:06.287 DEBUG [acme.framework.configuration.ExtendedMessageSource@http-nio-8080-exec-7] Loading properties [E:\3-GII-IS\DP2\Workspace-22.0\Projects\Acme-One\target\classes\WEB-INF\views\fragments\messsages-en.i18n] with encoding 'utf-8' 
2022-02-26 12:40:06.289 DEBUG [acme.framework.configuration.ExtendedMessageSource@http-nio-8080-exec-7] Loading properties [E:\3-GII-IS\DP2\Workspace-22.0\Projects\Acme-One\target\classes\WEB-INF\views\fragments\title-en.i18n] with encoding 'utf-8' 
2022-02-26 12:40:06.291 DEBUG [acme.framework.configuration.ExtendedMessageSource@http-nio-8080-exec-7] Loading properties [E:\3-GII-IS\DP2\Workspace-22.0\Projects\Acme-One\target\classes\WEB-INF\views\fragments\welcome-en.i18n] with encoding 'utf-8' 
2022-02-26 12:40:06.293 DEBUG [acme.framework.configuration.ExtendedMessageSource@http-nio-8080-exec-7] Loading properties [E:\3-GII-IS\DP2\Workspace-22.0\Projects\Acme-One\target\classes\WEB-INF\views\master\defaults-en.i18n] with encoding 'utf-8' 
2022-02-26 12:40:06.294 DEBUG [acme.framework.configuration.ExtendedMessageSource@http-nio-8080-exec-7] Loading properties [E:\3-GII-IS\DP2\Workspace-22.0\Projects\Acme-One\target\classes\WEB-INF\views\master\master-en.i18n] with encoding 'utf-8' 
2022-02-26 12:40:06.295 DEBUG [acme.framework.configuration.ExtendedMessageSource@http-nio-8080-exec-7] Loading properties [E:\3-GII-IS\DP2\Workspace-22.0\Projects\Acme-One\target\classes\WEB-INF\views\master\throwables-en.i18n] with encoding 'utf-8' 
2022-02-26 12:40:06.296 DEBUG [acme.framework.configuration.ExtendedMessageSource@http-nio-8080-exec-7] Loading properties [E:\3-GII-IS\DP2\Workspace-22.0\Projects\Acme-One\target\classes\WEB-INF\views\master\validation-en.i18n] with encoding 'utf-8' 
2022-02-26 12:40:06.508 DEBUG [org.apache.jasper.servlet.JspServlet@http-nio-8080-exec-7] JspEngine --> /WEB-INF/views/fragments/welcome.jsp 
2022-02-26 12:40:06.509 DEBUG [org.apache.jasper.servlet.JspServlet@http-nio-8080-exec-7] ServletPath: /WEB-INF/views/master/page.jsp 
2022-02-26 12:40:06.510 DEBUG [org.apache.jasper.servlet.JspServlet@http-nio-8080-exec-7] PathInfo: null 
2022-02-26 12:40:06.512 DEBUG [org.apache.jasper.servlet.JspServlet@http-nio-8080-exec-7] RealPath: E:\3-GII-IS\DP2\Workspace-22.0\Projects\Acme-One\target\classes\WEB-INF\views\fragments\welcome.jsp 
2022-02-26 12:40:06.513 DEBUG [org.apache.jasper.servlet.JspServlet@http-nio-8080-exec-7] RequestURI: /acme-one-22.1/WEB-INF/views/master/page.jsp 
2022-02-26 12:40:06.513 DEBUG [org.apache.jasper.servlet.JspServlet@http-nio-8080-exec-7] QueryString: null 
2022-02-26 12:40:07.050 DEBUG [org.hibernate.SQL@http-nio-8080-exec-7] select useraccoun0_.id as id1_0_, useraccoun0_.version as version2_0_, useraccoun0_.enabled as enabled1_6_, useraccoun0_.identity as identity2_6_, useraccoun0_.password as password3_6_, useraccoun0_.username as username4_6_ from user_account useraccoun0_ where useraccoun0_.username=? 
2022-02-26 12:40:07.090 TRACE [org.hibernate.type.descriptor.sql.BasicBinder@http-nio-8080-exec-7] binding parameter [1] as [VARCHAR] - [anonymous] 
2022-02-26 12:40:07.179 DEBUG [org.hibernate.SQL@http-nio-8080-exec-7] select roles0_.user_account_id as user_acc1_7_0_, roles0_.id as id1_7_0_, roles0_.id as id1_0_1_, roles0_.version as version2_0_1_, roles0_.user_account_id as user_acc1_7_1_, roles0_.company as company1_4_1_, roles0_.sector as sector2_4_1_, roles0_.company as company1_5_1_, roles0_.sector as sector2_5_1_, roles0_.clazz_ as clazz_1_ from ( select id, version, user_account_id, company, sector, 2 as clazz_ from consumer union all select id, version, user_account_id, company, sector, 3 as clazz_ from provider union all select id, version, user_account_id, null as company, null as sector, 5 as clazz_ from administrator union all select id, version, user_account_id, null as company, null as sector, 6 as clazz_ from anonymous union all select id, version, user_account_id, null as company, null as sector, 7 as clazz_ from authenticated ) roles0_ where roles0_.user_account_id=? 
2022-02-26 12:40:07.180 TRACE [org.hibernate.type.descriptor.sql.BasicBinder@http-nio-8080-exec-7] binding parameter [1] as [INTEGER] - [1] 
2022-02-26 12:40:10.881 DEBUG [acme.framework.components.tiles.DynamicTilesView@http-nio-8080-exec-6] View name 'fragments/welcome', model {} 
2022-02-26 12:40:10.882 DEBUG [org.apache.jasper.servlet.JspServlet@http-nio-8080-exec-6] JspEngine --> /WEB-INF/views/master/page.jsp 
2022-02-26 12:40:10.883 DEBUG [org.apache.jasper.servlet.JspServlet@http-nio-8080-exec-6] ServletPath: /WEB-INF/views/master/page.jsp 
2022-02-26 12:40:10.883 DEBUG [org.apache.jasper.servlet.JspServlet@http-nio-8080-exec-6] PathInfo: null 
2022-02-26 12:40:10.886 DEBUG [org.apache.jasper.servlet.JspServlet@http-nio-8080-exec-6] RealPath: E:\3-GII-IS\DP2\Workspace-22.0\Projects\Acme-One\target\classes\WEB-INF\views\master\page.jsp 
2022-02-26 12:40:10.886 DEBUG [org.apache.jasper.servlet.JspServlet@http-nio-8080-exec-6] RequestURI: /acme-one-22.1/WEB-INF/views/master/page.jsp 
2022-02-26 12:40:10.887 DEBUG [org.apache.jasper.servlet.JspServlet@http-nio-8080-exec-6] QueryString: null 
2022-02-26 12:40:11.057 DEBUG [org.apache.jasper.servlet.JspServlet@http-nio-8080-exec-6] JspEngine --> /WEB-INF/views/fragments/welcome.jsp 
2022-02-26 12:40:11.058 DEBUG [org.apache.jasper.servlet.JspServlet@http-nio-8080-exec-6] ServletPath: /WEB-INF/views/master/page.jsp 
2022-02-26 12:40:11.058 DEBUG [org.apache.jasper.servlet.JspServlet@http-nio-8080-exec-6] PathInfo: null 
2022-02-26 12:40:11.060 DEBUG [org.apache.jasper.servlet.JspServlet@http-nio-8080-exec-6] RealPath: E:\3-GII-IS\DP2\Workspace-22.0\Projects\Acme-One\target\classes\WEB-INF\views\fragments\welcome.jsp 
2022-02-26 12:40:11.060 DEBUG [org.apache.jasper.servlet.JspServlet@http-nio-8080-exec-6] RequestURI: /acme-one-22.1/WEB-INF/views/master/page.jsp 
2022-02-26 12:40:11.061 DEBUG [org.apache.jasper.servlet.JspServlet@http-nio-8080-exec-6] QueryString: null 
2022-02-26 12:40:11.202 DEBUG [org.hibernate.SQL@http-nio-8080-exec-6] select useraccoun0_.id as id1_0_, useraccoun0_.version as version2_0_, useraccoun0_.enabled as enabled1_6_, useraccoun0_.identity as identity2_6_, useraccoun0_.password as password3_6_, useraccoun0_.username as username4_6_ from user_account useraccoun0_ where useraccoun0_.username=? 
2022-02-26 12:40:11.203 TRACE [org.hibernate.type.descriptor.sql.BasicBinder@http-nio-8080-exec-6] binding parameter [1] as [VARCHAR] - [anonymous] 
2022-02-26 12:40:11.206 DEBUG [org.hibernate.SQL@http-nio-8080-exec-6] select roles0_.user_account_id as user_acc1_7_0_, roles0_.id as id1_7_0_, roles0_.id as id1_0_1_, roles0_.version as version2_0_1_, roles0_.user_account_id as user_acc1_7_1_, roles0_.company as company1_4_1_, roles0_.sector as sector2_4_1_, roles0_.company as company1_5_1_, roles0_.sector as sector2_5_1_, roles0_.clazz_ as clazz_1_ from ( select id, version, user_account_id, company, sector, 2 as clazz_ from consumer union all select id, version, user_account_id, company, sector, 3 as clazz_ from provider union all select id, version, user_account_id, null as company, null as sector, 5 as clazz_ from administrator union all select id, version, user_account_id, null as company, null as sector, 6 as clazz_ from anonymous union all select id, version, user_account_id, null as company, null as sector, 7 as clazz_ from authenticated ) roles0_ where roles0_.user_account_id=? 
2022-02-26 12:40:11.207 TRACE [org.hibernate.type.descriptor.sql.BasicBinder@http-nio-8080-exec-6] binding parameter [1] as [INTEGER] - [1] 
2022-02-26 12:40:30.349 DEBUG [acme.framework.components.tiles.DynamicTilesView@http-nio-8080-exec-7] View name 'fragments/welcome', model {} 
2022-02-26 12:40:30.350 DEBUG [org.apache.jasper.servlet.JspServlet@http-nio-8080-exec-7] JspEngine --> /WEB-INF/views/master/page.jsp 
2022-02-26 12:40:30.351 DEBUG [org.apache.jasper.servlet.JspServlet@http-nio-8080-exec-7] ServletPath: /WEB-INF/views/master/page.jsp 
2022-02-26 12:40:30.351 DEBUG [org.apache.jasper.servlet.JspServlet@http-nio-8080-exec-7] PathInfo: null 
2022-02-26 12:40:30.353 DEBUG [org.apache.jasper.servlet.JspServlet@http-nio-8080-exec-7] RealPath: E:\3-GII-IS\DP2\Workspace-22.0\Projects\Acme-One\target\classes\WEB-INF\views\master\page.jsp 
2022-02-26 12:40:30.353 DEBUG [org.apache.jasper.servlet.JspServlet@http-nio-8080-exec-7] RequestURI: /acme-one-22.1/WEB-INF/views/master/page.jsp 
2022-02-26 12:40:30.354 DEBUG [org.apache.jasper.servlet.JspServlet@http-nio-8080-exec-7] QueryString: null 
2022-02-26 12:40:30.462 DEBUG [org.apache.jasper.servlet.JspServlet@http-nio-8080-exec-7] JspEngine --> /WEB-INF/views/fragments/welcome.jsp 
2022-02-26 12:40:30.462 DEBUG [org.apache.jasper.servlet.JspServlet@http-nio-8080-exec-7] ServletPath: /WEB-INF/views/master/page.jsp 
2022-02-26 12:40:30.463 DEBUG [org.apache.jasper.servlet.JspServlet@http-nio-8080-exec-7] PathInfo: null 
2022-02-26 12:40:30.464 DEBUG [org.apache.jasper.servlet.JspServlet@http-nio-8080-exec-7] RealPath: E:\3-GII-IS\DP2\Workspace-22.0\Projects\Acme-One\target\classes\WEB-INF\views\fragments\welcome.jsp 
2022-02-26 12:40:30.465 DEBUG [org.apache.jasper.servlet.JspServlet@http-nio-8080-exec-7] RequestURI: /acme-one-22.1/WEB-INF/views/master/page.jsp 
2022-02-26 12:40:30.465 DEBUG [org.apache.jasper.servlet.JspServlet@http-nio-8080-exec-7] QueryString: null 
2022-02-26 12:40:30.570 DEBUG [org.hibernate.SQL@http-nio-8080-exec-7] select useraccoun0_.id as id1_0_, useraccoun0_.version as version2_0_, useraccoun0_.enabled as enabled1_6_, useraccoun0_.identity as identity2_6_, useraccoun0_.password as password3_6_, useraccoun0_.username as username4_6_ from user_account useraccoun0_ where useraccoun0_.username=? 
2022-02-26 12:40:30.571 TRACE [org.hibernate.type.descriptor.sql.BasicBinder@http-nio-8080-exec-7] binding parameter [1] as [VARCHAR] - [anonymous] 
2022-02-26 12:40:30.573 DEBUG [org.hibernate.SQL@http-nio-8080-exec-7] select roles0_.user_account_id as user_acc1_7_0_, roles0_.id as id1_7_0_, roles0_.id as id1_0_1_, roles0_.version as version2_0_1_, roles0_.user_account_id as user_acc1_7_1_, roles0_.company as company1_4_1_, roles0_.sector as sector2_4_1_, roles0_.company as company1_5_1_, roles0_.sector as sector2_5_1_, roles0_.clazz_ as clazz_1_ from ( select id, version, user_account_id, company, sector, 2 as clazz_ from consumer union all select id, version, user_account_id, company, sector, 3 as clazz_ from provider union all select id, version, user_account_id, null as company, null as sector, 5 as clazz_ from administrator union all select id, version, user_account_id, null as company, null as sector, 6 as clazz_ from anonymous union all select id, version, user_account_id, null as company, null as sector, 7 as clazz_ from authenticated ) roles0_ where roles0_.user_account_id=? 
2022-02-26 12:40:30.574 TRACE [org.hibernate.type.descriptor.sql.BasicBinder@http-nio-8080-exec-7] binding parameter [1] as [INTEGER] - [1] 
2022-02-26 12:40:42.228 DEBUG [acme.framework.components.tiles.DynamicTilesView@http-nio-8080-exec-8] View name 'fragments/welcome', model {} 
2022-02-26 12:40:42.234 DEBUG [org.apache.tiles.definition.dao.BaseLocaleUrlDefinitionDAO@http-nio-8080-exec-8] File Resource file:/E:/3-GII-IS/DP2/Workspace-22.0/Projects/Acme-One/target/classes/WEB-INF/views/master/tiles_es.xml at file:/E:/3-GII-IS/DP2/Workspace-22.0/Projects/Acme-One/target/classes/WEB-INF/views/master/tiles_es.xml not found, continue 
2022-02-26 12:40:42.235 DEBUG [org.apache.jasper.servlet.JspServlet@http-nio-8080-exec-8] JspEngine --> /WEB-INF/views/master/page.jsp 
2022-02-26 12:40:42.235 DEBUG [org.apache.jasper.servlet.JspServlet@http-nio-8080-exec-8] ServletPath: /WEB-INF/views/master/page.jsp 
2022-02-26 12:40:42.236 DEBUG [org.apache.jasper.servlet.JspServlet@http-nio-8080-exec-8] PathInfo: null 
2022-02-26 12:40:42.240 DEBUG [org.apache.jasper.servlet.JspServlet@http-nio-8080-exec-8] RealPath: E:\3-GII-IS\DP2\Workspace-22.0\Projects\Acme-One\target\classes\WEB-INF\views\master\page.jsp 
2022-02-26 12:40:42.240 DEBUG [org.apache.jasper.servlet.JspServlet@http-nio-8080-exec-8] RequestURI: /acme-one-22.1/WEB-INF/views/master/page.jsp 
2022-02-26 12:40:42.241 DEBUG [org.apache.jasper.servlet.JspServlet@http-nio-8080-exec-8] QueryString: null 
2022-02-26 12:40:42.265 DEBUG [acme.framework.configuration.ExtendedMessageSource@http-nio-8080-exec-8] Loading properties [E:\3-GII-IS\DP2\Workspace-22.0\Projects\Acme-One\target\classes\WEB-INF\views\administrator\user-account\messages-en.i18n] with encoding 'utf-8' 
2022-02-26 12:40:42.266 DEBUG [acme.framework.configuration.ExtendedMessageSource@http-nio-8080-exec-8] Loading properties [E:\3-GII-IS\DP2\Workspace-22.0\Projects\Acme-One\target\classes\WEB-INF\views\anonymous\user-account\messages-en.i18n] with encoding 'utf-8' 
2022-02-26 12:40:42.266 DEBUG [acme.framework.configuration.ExtendedMessageSource@http-nio-8080-exec-8] Loading properties [E:\3-GII-IS\DP2\Workspace-22.0\Projects\Acme-One\target\classes\WEB-INF\views\authenticated\consumer\messsages-en.i18n] with encoding 'utf-8' 
2022-02-26 12:40:42.267 DEBUG [acme.framework.configuration.ExtendedMessageSource@http-nio-8080-exec-8] Loading properties [E:\3-GII-IS\DP2\Workspace-22.0\Projects\Acme-One\target\classes\WEB-INF\views\authenticated\provider\messsages-en.i18n] with encoding 'utf-8' 
2022-02-26 12:40:42.268 DEBUG [acme.framework.configuration.ExtendedMessageSource@http-nio-8080-exec-8] Loading properties [E:\3-GII-IS\DP2\Workspace-22.0\Projects\Acme-One\target\classes\WEB-INF\views\authenticated\user-account\messages-en.i18n] with encoding 'utf-8' 
2022-02-26 12:40:42.269 DEBUG [acme.framework.configuration.ExtendedMessageSource@http-nio-8080-exec-8] Loading properties [E:\3-GII-IS\DP2\Workspace-22.0\Projects\Acme-One\target\classes\WEB-INF\views\fragments\banner-en.i18n] with encoding 'utf-8' 
2022-02-26 12:40:42.270 DEBUG [acme.framework.configuration.ExtendedMessageSource@http-nio-8080-exec-8] Loading properties [E:\3-GII-IS\DP2\Workspace-22.0\Projects\Acme-One\target\classes\WEB-INF\views\fragments\company-en.i18n] with encoding 'utf-8' 
2022-02-26 12:40:42.271 DEBUG [acme.framework.configuration.ExtendedMessageSource@http-nio-8080-exec-8] Loading properties [E:\3-GII-IS\DP2\Workspace-22.0\Projects\Acme-One\target\classes\WEB-INF\views\fragments\footer-en.i18n] with encoding 'utf-8' 
2022-02-26 12:40:42.272 DEBUG [acme.framework.configuration.ExtendedMessageSource@http-nio-8080-exec-8] Loading properties [E:\3-GII-IS\DP2\Workspace-22.0\Projects\Acme-One\target\classes\WEB-INF\views\fragments\license-en.i18n] with encoding 'utf-8' 
2022-02-26 12:40:42.272 DEBUG [acme.framework.configuration.ExtendedMessageSource@http-nio-8080-exec-8] Loading properties [E:\3-GII-IS\DP2\Workspace-22.0\Projects\Acme-One\target\classes\WEB-INF\views\fragments\menu-en.i18n] with encoding 'utf-8' 
2022-02-26 12:40:42.273 DEBUG [acme.framework.configuration.ExtendedMessageSource@http-nio-8080-exec-8] Loading properties [E:\3-GII-IS\DP2\Workspace-22.0\Projects\Acme-One\target\classes\WEB-INF\views\fragments\messsages-en.i18n] with encoding 'utf-8' 
2022-02-26 12:40:42.274 DEBUG [acme.framework.configuration.ExtendedMessageSource@http-nio-8080-exec-8] Loading properties [E:\3-GII-IS\DP2\Workspace-22.0\Projects\Acme-One\target\classes\WEB-INF\views\fragments\title-en.i18n] with encoding 'utf-8' 
2022-02-26 12:40:42.275 DEBUG [acme.framework.configuration.ExtendedMessageSource@http-nio-8080-exec-8] Loading properties [E:\3-GII-IS\DP2\Workspace-22.0\Projects\Acme-One\target\classes\WEB-INF\views\fragments\welcome-en.i18n] with encoding 'utf-8' 
2022-02-26 12:40:42.276 DEBUG [acme.framework.configuration.ExtendedMessageSource@http-nio-8080-exec-8] Loading properties [E:\3-GII-IS\DP2\Workspace-22.0\Projects\Acme-One\target\classes\WEB-INF\views\master\defaults-en.i18n] with encoding 'utf-8' 
2022-02-26 12:40:42.277 DEBUG [acme.framework.configuration.ExtendedMessageSource@http-nio-8080-exec-8] Loading properties [E:\3-GII-IS\DP2\Workspace-22.0\Projects\Acme-One\target\classes\WEB-INF\views\master\master-en.i18n] with encoding 'utf-8' 
2022-02-26 12:40:42.278 DEBUG [acme.framework.configuration.ExtendedMessageSource@http-nio-8080-exec-8] Loading properties [E:\3-GII-IS\DP2\Workspace-22.0\Projects\Acme-One\target\classes\WEB-INF\views\master\throwables-en.i18n] with encoding 'utf-8' 
2022-02-26 12:40:42.279 DEBUG [acme.framework.configuration.ExtendedMessageSource@http-nio-8080-exec-8] Loading properties [E:\3-GII-IS\DP2\Workspace-22.0\Projects\Acme-One\target\classes\WEB-INF\views\master\validation-en.i18n] with encoding 'utf-8' 
2022-02-26 12:40:42.290 DEBUG [acme.framework.configuration.ExtendedMessageSource@http-nio-8080-exec-8] Loading properties [E:\3-GII-IS\DP2\Workspace-22.0\Projects\Acme-One\target\classes\WEB-INF\views\administrator\user-account\messages-es.i18n] with encoding 'utf-8' 
2022-02-26 12:40:42.291 DEBUG [acme.framework.configuration.ExtendedMessageSource@http-nio-8080-exec-8] Loading properties [E:\3-GII-IS\DP2\Workspace-22.0\Projects\Acme-One\target\classes\WEB-INF\views\anonymous\user-account\messages-es.i18n] with encoding 'utf-8' 
2022-02-26 12:40:42.292 DEBUG [acme.framework.configuration.ExtendedMessageSource@http-nio-8080-exec-8] Loading properties [E:\3-GII-IS\DP2\Workspace-22.0\Projects\Acme-One\target\classes\WEB-INF\views\authenticated\consumer\messsages-es.i18n] with encoding 'utf-8' 
2022-02-26 12:40:42.293 DEBUG [acme.framework.configuration.ExtendedMessageSource@http-nio-8080-exec-8] Loading properties [E:\3-GII-IS\DP2\Workspace-22.0\Projects\Acme-One\target\classes\WEB-INF\views\authenticated\provider\messsages-es.i18n] with encoding 'utf-8' 
2022-02-26 12:40:42.294 DEBUG [acme.framework.configuration.ExtendedMessageSource@http-nio-8080-exec-8] Loading properties [E:\3-GII-IS\DP2\Workspace-22.0\Projects\Acme-One\target\classes\WEB-INF\views\authenticated\user-account\messages-es.i18n] with encoding 'utf-8' 
2022-02-26 12:40:42.297 DEBUG [acme.framework.configuration.ExtendedMessageSource@http-nio-8080-exec-8] Loading properties [E:\3-GII-IS\DP2\Workspace-22.0\Projects\Acme-One\target\classes\WEB-INF\views\fragments\banner-es.i18n] with encoding 'utf-8' 
2022-02-26 12:40:42.299 DEBUG [acme.framework.configuration.ExtendedMessageSource@http-nio-8080-exec-8] Loading properties [E:\3-GII-IS\DP2\Workspace-22.0\Projects\Acme-One\target\classes\WEB-INF\views\fragments\company-es.i18n] with encoding 'utf-8' 
2022-02-26 12:40:42.302 DEBUG [acme.framework.configuration.ExtendedMessageSource@http-nio-8080-exec-8] Loading properties [E:\3-GII-IS\DP2\Workspace-22.0\Projects\Acme-One\target\classes\WEB-INF\views\fragments\footer-es.i18n] with encoding 'utf-8' 
2022-02-26 12:40:42.304 DEBUG [acme.framework.configuration.ExtendedMessageSource@http-nio-8080-exec-8] Loading properties [E:\3-GII-IS\DP2\Workspace-22.0\Projects\Acme-One\target\classes\WEB-INF\views\fragments\license-es.i18n] with encoding 'utf-8' 
2022-02-26 12:40:42.305 DEBUG [acme.framework.configuration.ExtendedMessageSource@http-nio-8080-exec-8] Loading properties [E:\3-GII-IS\DP2\Workspace-22.0\Projects\Acme-One\target\classes\WEB-INF\views\fragments\menu-es.i18n] with encoding 'utf-8' 
2022-02-26 12:40:42.306 DEBUG [acme.framework.configuration.ExtendedMessageSource@http-nio-8080-exec-8] Loading properties [E:\3-GII-IS\DP2\Workspace-22.0\Projects\Acme-One\target\classes\WEB-INF\views\fragments\messsages-es.i18n] with encoding 'utf-8' 
2022-02-26 12:40:42.307 DEBUG [acme.framework.configuration.ExtendedMessageSource@http-nio-8080-exec-8] Loading properties [E:\3-GII-IS\DP2\Workspace-22.0\Projects\Acme-One\target\classes\WEB-INF\views\fragments\title-es.i18n] with encoding 'utf-8' 
2022-02-26 12:40:42.308 DEBUG [acme.framework.configuration.ExtendedMessageSource@http-nio-8080-exec-8] Loading properties [E:\3-GII-IS\DP2\Workspace-22.0\Projects\Acme-One\target\classes\WEB-INF\views\fragments\welcome-es.i18n] with encoding 'utf-8' 
2022-02-26 12:40:42.309 DEBUG [acme.framework.configuration.ExtendedMessageSource@http-nio-8080-exec-8] Loading properties [E:\3-GII-IS\DP2\Workspace-22.0\Projects\Acme-One\target\classes\WEB-INF\views\master\defaults-es.i18n] with encoding 'utf-8' 
2022-02-26 12:40:42.310 DEBUG [acme.framework.configuration.ExtendedMessageSource@http-nio-8080-exec-8] Loading properties [E:\3-GII-IS\DP2\Workspace-22.0\Projects\Acme-One\target\classes\WEB-INF\views\master\master-es.i18n] with encoding 'utf-8' 
2022-02-26 12:40:42.311 DEBUG [acme.framework.configuration.ExtendedMessageSource@http-nio-8080-exec-8] Loading properties [E:\3-GII-IS\DP2\Workspace-22.0\Projects\Acme-One\target\classes\WEB-INF\views\master\throwables-es.i18n] with encoding 'utf-8' 
2022-02-26 12:40:42.311 DEBUG [acme.framework.configuration.ExtendedMessageSource@http-nio-8080-exec-8] Loading properties [E:\3-GII-IS\DP2\Workspace-22.0\Projects\Acme-One\target\classes\WEB-INF\views\master\validation-es.i18n] with encoding 'utf-8' 
2022-02-26 12:40:42.441 DEBUG [org.apache.jasper.servlet.JspServlet@http-nio-8080-exec-8] JspEngine --> /WEB-INF/views/fragments/welcome.jsp 
2022-02-26 12:40:42.441 DEBUG [org.apache.jasper.servlet.JspServlet@http-nio-8080-exec-8] ServletPath: /WEB-INF/views/master/page.jsp 
2022-02-26 12:40:42.442 DEBUG [org.apache.jasper.servlet.JspServlet@http-nio-8080-exec-8] PathInfo: null 
2022-02-26 12:40:42.444 DEBUG [org.apache.jasper.servlet.JspServlet@http-nio-8080-exec-8] RealPath: E:\3-GII-IS\DP2\Workspace-22.0\Projects\Acme-One\target\classes\WEB-INF\views\fragments\welcome.jsp 
2022-02-26 12:40:42.445 DEBUG [org.apache.jasper.servlet.JspServlet@http-nio-8080-exec-8] RequestURI: /acme-one-22.1/WEB-INF/views/master/page.jsp 
2022-02-26 12:40:42.445 DEBUG [org.apache.jasper.servlet.JspServlet@http-nio-8080-exec-8] QueryString: null 
2022-02-26 12:40:42.552 DEBUG [org.hibernate.SQL@http-nio-8080-exec-8] select useraccoun0_.id as id1_0_, useraccoun0_.version as version2_0_, useraccoun0_.enabled as enabled1_6_, useraccoun0_.identity as identity2_6_, useraccoun0_.password as password3_6_, useraccoun0_.username as username4_6_ from user_account useraccoun0_ where useraccoun0_.username=? 
2022-02-26 12:40:42.553 TRACE [org.hibernate.type.descriptor.sql.BasicBinder@http-nio-8080-exec-8] binding parameter [1] as [VARCHAR] - [anonymous] 
2022-02-26 12:40:42.555 DEBUG [org.hibernate.SQL@http-nio-8080-exec-8] select roles0_.user_account_id as user_acc1_7_0_, roles0_.id as id1_7_0_, roles0_.id as id1_0_1_, roles0_.version as version2_0_1_, roles0_.user_account_id as user_acc1_7_1_, roles0_.company as company1_4_1_, roles0_.sector as sector2_4_1_, roles0_.company as company1_5_1_, roles0_.sector as sector2_5_1_, roles0_.clazz_ as clazz_1_ from ( select id, version, user_account_id, company, sector, 2 as clazz_ from consumer union all select id, version, user_account_id, company, sector, 3 as clazz_ from provider union all select id, version, user_account_id, null as company, null as sector, 5 as clazz_ from administrator union all select id, version, user_account_id, null as company, null as sector, 6 as clazz_ from anonymous union all select id, version, user_account_id, null as company, null as sector, 7 as clazz_ from authenticated ) roles0_ where roles0_.user_account_id=? 
2022-02-26 12:40:42.556 TRACE [org.hibernate.type.descriptor.sql.BasicBinder@http-nio-8080-exec-8] binding parameter [1] as [INTEGER] - [1] 
2022-02-26 12:40:44.703 DEBUG [acme.framework.components.tiles.DynamicTilesView@http-nio-8080-exec-6] View name 'fragments/welcome', model {} 
2022-02-26 12:40:44.707 DEBUG [org.apache.jasper.servlet.JspServlet@http-nio-8080-exec-6] JspEngine --> /WEB-INF/views/master/page.jsp 
2022-02-26 12:40:44.707 DEBUG [org.apache.jasper.servlet.JspServlet@http-nio-8080-exec-6] ServletPath: /WEB-INF/views/master/page.jsp 
2022-02-26 12:40:44.708 DEBUG [org.apache.jasper.servlet.JspServlet@http-nio-8080-exec-6] PathInfo: null 
2022-02-26 12:40:44.709 DEBUG [org.apache.jasper.servlet.JspServlet@http-nio-8080-exec-6] RealPath: E:\3-GII-IS\DP2\Workspace-22.0\Projects\Acme-One\target\classes\WEB-INF\views\master\page.jsp 
2022-02-26 12:40:44.709 DEBUG [org.apache.jasper.servlet.JspServlet@http-nio-8080-exec-6] RequestURI: /acme-one-22.1/WEB-INF/views/master/page.jsp 
2022-02-26 12:40:44.710 DEBUG [org.apache.jasper.servlet.JspServlet@http-nio-8080-exec-6] QueryString: null 
2022-02-26 12:40:44.828 DEBUG [org.apache.jasper.servlet.JspServlet@http-nio-8080-exec-6] JspEngine --> /WEB-INF/views/fragments/welcome.jsp 
2022-02-26 12:40:44.828 DEBUG [org.apache.jasper.servlet.JspServlet@http-nio-8080-exec-6] ServletPath: /WEB-INF/views/master/page.jsp 
2022-02-26 12:40:44.829 DEBUG [org.apache.jasper.servlet.JspServlet@http-nio-8080-exec-6] PathInfo: null 
2022-02-26 12:40:44.829 DEBUG [org.apache.jasper.servlet.JspServlet@http-nio-8080-exec-6] RealPath: E:\3-GII-IS\DP2\Workspace-22.0\Projects\Acme-One\target\classes\WEB-INF\views\fragments\welcome.jsp 
2022-02-26 12:40:44.829 DEBUG [org.apache.jasper.servlet.JspServlet@http-nio-8080-exec-6] RequestURI: /acme-one-22.1/WEB-INF/views/master/page.jsp 
2022-02-26 12:40:44.830 DEBUG [org.apache.jasper.servlet.JspServlet@http-nio-8080-exec-6] QueryString: null 
2022-02-26 12:40:44.953 DEBUG [org.hibernate.SQL@http-nio-8080-exec-6] select useraccoun0_.id as id1_0_, useraccoun0_.version as version2_0_, useraccoun0_.enabled as enabled1_6_, useraccoun0_.identity as identity2_6_, useraccoun0_.password as password3_6_, useraccoun0_.username as username4_6_ from user_account useraccoun0_ where useraccoun0_.username=? 
2022-02-26 12:40:44.953 TRACE [org.hibernate.type.descriptor.sql.BasicBinder@http-nio-8080-exec-6] binding parameter [1] as [VARCHAR] - [anonymous] 
2022-02-26 12:40:44.956 DEBUG [org.hibernate.SQL@http-nio-8080-exec-6] select roles0_.user_account_id as user_acc1_7_0_, roles0_.id as id1_7_0_, roles0_.id as id1_0_1_, roles0_.version as version2_0_1_, roles0_.user_account_id as user_acc1_7_1_, roles0_.company as company1_4_1_, roles0_.sector as sector2_4_1_, roles0_.company as company1_5_1_, roles0_.sector as sector2_5_1_, roles0_.clazz_ as clazz_1_ from ( select id, version, user_account_id, company, sector, 2 as clazz_ from consumer union all select id, version, user_account_id, company, sector, 3 as clazz_ from provider union all select id, version, user_account_id, null as company, null as sector, 5 as clazz_ from administrator union all select id, version, user_account_id, null as company, null as sector, 6 as clazz_ from anonymous union all select id, version, user_account_id, null as company, null as sector, 7 as clazz_ from authenticated ) roles0_ where roles0_.user_account_id=? 
2022-02-26 12:40:44.957 TRACE [org.hibernate.type.descriptor.sql.BasicBinder@http-nio-8080-exec-6] binding parameter [1] as [INTEGER] - [1] 
2022-02-26 12:40:47.322 DEBUG [acme.framework.components.tiles.DynamicTilesView@http-nio-8080-exec-5] View name 'fragments/welcome', model {} 
2022-02-26 12:40:47.323 DEBUG [org.apache.jasper.servlet.JspServlet@http-nio-8080-exec-5] JspEngine --> /WEB-INF/views/master/page.jsp 
2022-02-26 12:40:47.323 DEBUG [org.apache.jasper.servlet.JspServlet@http-nio-8080-exec-5] ServletPath: /WEB-INF/views/master/page.jsp 
2022-02-26 12:40:47.324 DEBUG [org.apache.jasper.servlet.JspServlet@http-nio-8080-exec-5] PathInfo: null 
2022-02-26 12:40:47.325 DEBUG [org.apache.jasper.servlet.JspServlet@http-nio-8080-exec-5] RealPath: E:\3-GII-IS\DP2\Workspace-22.0\Projects\Acme-One\target\classes\WEB-INF\views\master\page.jsp 
2022-02-26 12:40:47.325 DEBUG [org.apache.jasper.servlet.JspServlet@http-nio-8080-exec-5] RequestURI: /acme-one-22.1/WEB-INF/views/master/page.jsp 
2022-02-26 12:40:47.326 DEBUG [org.apache.jasper.servlet.JspServlet@http-nio-8080-exec-5] QueryString: null 
2022-02-26 12:40:47.454 DEBUG [org.apache.jasper.servlet.JspServlet@http-nio-8080-exec-5] JspEngine --> /WEB-INF/views/fragments/welcome.jsp 
2022-02-26 12:40:47.455 DEBUG [org.apache.jasper.servlet.JspServlet@http-nio-8080-exec-5] ServletPath: /WEB-INF/views/master/page.jsp 
2022-02-26 12:40:47.455 DEBUG [org.apache.jasper.servlet.JspServlet@http-nio-8080-exec-5] PathInfo: null 
2022-02-26 12:40:47.457 DEBUG [org.apache.jasper.servlet.JspServlet@http-nio-8080-exec-5] RealPath: E:\3-GII-IS\DP2\Workspace-22.0\Projects\Acme-One\target\classes\WEB-INF\views\fragments\welcome.jsp 
2022-02-26 12:40:47.457 DEBUG [org.apache.jasper.servlet.JspServlet@http-nio-8080-exec-5] RequestURI: /acme-one-22.1/WEB-INF/views/master/page.jsp 
2022-02-26 12:40:47.458 DEBUG [org.apache.jasper.servlet.JspServlet@http-nio-8080-exec-5] QueryString: null 
2022-02-26 12:40:47.576 DEBUG [org.hibernate.SQL@http-nio-8080-exec-5] select useraccoun0_.id as id1_0_, useraccoun0_.version as version2_0_, useraccoun0_.enabled as enabled1_6_, useraccoun0_.identity as identity2_6_, useraccoun0_.password as password3_6_, useraccoun0_.username as username4_6_ from user_account useraccoun0_ where useraccoun0_.username=? 
2022-02-26 12:40:47.578 TRACE [org.hibernate.type.descriptor.sql.BasicBinder@http-nio-8080-exec-5] binding parameter [1] as [VARCHAR] - [anonymous] 
2022-02-26 12:40:47.580 DEBUG [org.hibernate.SQL@http-nio-8080-exec-5] select roles0_.user_account_id as user_acc1_7_0_, roles0_.id as id1_7_0_, roles0_.id as id1_0_1_, roles0_.version as version2_0_1_, roles0_.user_account_id as user_acc1_7_1_, roles0_.company as company1_4_1_, roles0_.sector as sector2_4_1_, roles0_.company as company1_5_1_, roles0_.sector as sector2_5_1_, roles0_.clazz_ as clazz_1_ from ( select id, version, user_account_id, company, sector, 2 as clazz_ from consumer union all select id, version, user_account_id, company, sector, 3 as clazz_ from provider union all select id, version, user_account_id, null as company, null as sector, 5 as clazz_ from administrator union all select id, version, user_account_id, null as company, null as sector, 6 as clazz_ from anonymous union all select id, version, user_account_id, null as company, null as sector, 7 as clazz_ from authenticated ) roles0_ where roles0_.user_account_id=? 
2022-02-26 12:40:47.581 TRACE [org.hibernate.type.descriptor.sql.BasicBinder@http-nio-8080-exec-5] binding parameter [1] as [INTEGER] - [1] 
2022-02-26 12:40:48.676 DEBUG [acme.framework.components.tiles.DynamicTilesView@http-nio-8080-exec-8] View name 'fragments/welcome', model {} 
2022-02-26 12:40:48.677 DEBUG [org.apache.jasper.servlet.JspServlet@http-nio-8080-exec-8] JspEngine --> /WEB-INF/views/master/page.jsp 
2022-02-26 12:40:48.678 DEBUG [org.apache.jasper.servlet.JspServlet@http-nio-8080-exec-8] ServletPath: /WEB-INF/views/master/page.jsp 
2022-02-26 12:40:48.678 DEBUG [org.apache.jasper.servlet.JspServlet@http-nio-8080-exec-8] PathInfo: null 
2022-02-26 12:40:48.679 DEBUG [org.apache.jasper.servlet.JspServlet@http-nio-8080-exec-8] RealPath: E:\3-GII-IS\DP2\Workspace-22.0\Projects\Acme-One\target\classes\WEB-INF\views\master\page.jsp 
2022-02-26 12:40:48.679 DEBUG [org.apache.jasper.servlet.JspServlet@http-nio-8080-exec-8] RequestURI: /acme-one-22.1/WEB-INF/views/master/page.jsp 
2022-02-26 12:40:48.679 DEBUG [org.apache.jasper.servlet.JspServlet@http-nio-8080-exec-8] QueryString: null 
2022-02-26 12:40:48.787 DEBUG [org.apache.jasper.servlet.JspServlet@http-nio-8080-exec-8] JspEngine --> /WEB-INF/views/fragments/welcome.jsp 
2022-02-26 12:40:48.787 DEBUG [org.apache.jasper.servlet.JspServlet@http-nio-8080-exec-8] ServletPath: /WEB-INF/views/master/page.jsp 
2022-02-26 12:40:48.788 DEBUG [org.apache.jasper.servlet.JspServlet@http-nio-8080-exec-8] PathInfo: null 
2022-02-26 12:40:48.788 DEBUG [org.apache.jasper.servlet.JspServlet@http-nio-8080-exec-8] RealPath: E:\3-GII-IS\DP2\Workspace-22.0\Projects\Acme-One\target\classes\WEB-INF\views\fragments\welcome.jsp 
2022-02-26 12:40:48.788 DEBUG [org.apache.jasper.servlet.JspServlet@http-nio-8080-exec-8] RequestURI: /acme-one-22.1/WEB-INF/views/master/page.jsp 
2022-02-26 12:40:48.789 DEBUG [org.apache.jasper.servlet.JspServlet@http-nio-8080-exec-8] QueryString: null 
2022-02-26 12:40:48.892 DEBUG [org.hibernate.SQL@http-nio-8080-exec-8] select useraccoun0_.id as id1_0_, useraccoun0_.version as version2_0_, useraccoun0_.enabled as enabled1_6_, useraccoun0_.identity as identity2_6_, useraccoun0_.password as password3_6_, useraccoun0_.username as username4_6_ from user_account useraccoun0_ where useraccoun0_.username=? 
2022-02-26 12:40:48.893 TRACE [org.hibernate.type.descriptor.sql.BasicBinder@http-nio-8080-exec-8] binding parameter [1] as [VARCHAR] - [anonymous] 
2022-02-26 12:40:48.895 DEBUG [org.hibernate.SQL@http-nio-8080-exec-8] select roles0_.user_account_id as user_acc1_7_0_, roles0_.id as id1_7_0_, roles0_.id as id1_0_1_, roles0_.version as version2_0_1_, roles0_.user_account_id as user_acc1_7_1_, roles0_.company as company1_4_1_, roles0_.sector as sector2_4_1_, roles0_.company as company1_5_1_, roles0_.sector as sector2_5_1_, roles0_.clazz_ as clazz_1_ from ( select id, version, user_account_id, company, sector, 2 as clazz_ from consumer union all select id, version, user_account_id, company, sector, 3 as clazz_ from provider union all select id, version, user_account_id, null as company, null as sector, 5 as clazz_ from administrator union all select id, version, user_account_id, null as company, null as sector, 6 as clazz_ from anonymous union all select id, version, user_account_id, null as company, null as sector, 7 as clazz_ from authenticated ) roles0_ where roles0_.user_account_id=? 
2022-02-26 12:40:48.895 TRACE [org.hibernate.type.descriptor.sql.BasicBinder@http-nio-8080-exec-8] binding parameter [1] as [INTEGER] - [1] 
2022-02-26 12:52:42.192 DEBUG [acme.framework.components.tiles.DynamicTilesView@http-nio-8080-exec-9] View name 'fragments/welcome', model {} 
2022-02-26 12:52:42.194 DEBUG [org.apache.jasper.servlet.JspServlet@http-nio-8080-exec-9] JspEngine --> /WEB-INF/views/master/page.jsp 
2022-02-26 12:52:42.195 DEBUG [org.apache.jasper.servlet.JspServlet@http-nio-8080-exec-9] ServletPath: /WEB-INF/views/master/page.jsp 
2022-02-26 12:52:42.196 DEBUG [org.apache.jasper.servlet.JspServlet@http-nio-8080-exec-9] PathInfo: null 
2022-02-26 12:52:42.199 DEBUG [org.apache.jasper.servlet.JspServlet@http-nio-8080-exec-9] RealPath: E:\3-GII-IS\DP2\Workspace-22.0\Projects\Acme-One\target\classes\WEB-INF\views\master\page.jsp 
2022-02-26 12:52:42.199 DEBUG [org.apache.jasper.servlet.JspServlet@http-nio-8080-exec-9] RequestURI: /acme-one-22.1/WEB-INF/views/master/page.jsp 
2022-02-26 12:52:42.200 DEBUG [org.apache.jasper.servlet.JspServlet@http-nio-8080-exec-9] QueryString: null 
2022-02-26 12:52:42.322 DEBUG [org.apache.jasper.servlet.JspServlet@http-nio-8080-exec-9] JspEngine --> /WEB-INF/views/fragments/welcome.jsp 
2022-02-26 12:52:42.322 DEBUG [org.apache.jasper.servlet.JspServlet@http-nio-8080-exec-9] ServletPath: /WEB-INF/views/master/page.jsp 
2022-02-26 12:52:42.323 DEBUG [org.apache.jasper.servlet.JspServlet@http-nio-8080-exec-9] PathInfo: null 
2022-02-26 12:52:42.325 DEBUG [org.apache.jasper.servlet.JspServlet@http-nio-8080-exec-9] RealPath: E:\3-GII-IS\DP2\Workspace-22.0\Projects\Acme-One\target\classes\WEB-INF\views\fragments\welcome.jsp 
2022-02-26 12:52:42.325 DEBUG [org.apache.jasper.servlet.JspServlet@http-nio-8080-exec-9] RequestURI: /acme-one-22.1/WEB-INF/views/master/page.jsp 
2022-02-26 12:52:42.326 DEBUG [org.apache.jasper.servlet.JspServlet@http-nio-8080-exec-9] QueryString: null 
2022-02-26 12:52:42.427 DEBUG [org.hibernate.SQL@http-nio-8080-exec-9] select useraccoun0_.id as id1_0_, useraccoun0_.version as version2_0_, useraccoun0_.enabled as enabled1_6_, useraccoun0_.identity as identity2_6_, useraccoun0_.password as password3_6_, useraccoun0_.username as username4_6_ from user_account useraccoun0_ where useraccoun0_.username=? 
2022-02-26 12:52:42.428 TRACE [org.hibernate.type.descriptor.sql.BasicBinder@http-nio-8080-exec-9] binding parameter [1] as [VARCHAR] - [anonymous] 
2022-02-26 12:52:42.431 DEBUG [org.hibernate.SQL@http-nio-8080-exec-9] select roles0_.user_account_id as user_acc1_7_0_, roles0_.id as id1_7_0_, roles0_.id as id1_0_1_, roles0_.version as version2_0_1_, roles0_.user_account_id as user_acc1_7_1_, roles0_.company as company1_4_1_, roles0_.sector as sector2_4_1_, roles0_.company as company1_5_1_, roles0_.sector as sector2_5_1_, roles0_.clazz_ as clazz_1_ from ( select id, version, user_account_id, company, sector, 2 as clazz_ from consumer union all select id, version, user_account_id, company, sector, 3 as clazz_ from provider union all select id, version, user_account_id, null as company, null as sector, 5 as clazz_ from administrator union all select id, version, user_account_id, null as company, null as sector, 6 as clazz_ from anonymous union all select id, version, user_account_id, null as company, null as sector, 7 as clazz_ from authenticated ) roles0_ where roles0_.user_account_id=? 
2022-02-26 12:52:42.432 TRACE [org.hibernate.type.descriptor.sql.BasicBinder@http-nio-8080-exec-9] binding parameter [1] as [INTEGER] - [1] 
2022-02-26 12:58:16.981 DEBUG [acme.framework.components.tiles.DynamicTilesView@http-nio-8080-exec-9] View name 'fragments/welcome', model {} 
2022-02-26 12:58:16.983 DEBUG [org.apache.jasper.servlet.JspServlet@http-nio-8080-exec-9] JspEngine --> /WEB-INF/views/master/page.jsp 
2022-02-26 12:58:16.983 DEBUG [org.apache.jasper.servlet.JspServlet@http-nio-8080-exec-9] ServletPath: /WEB-INF/views/master/page.jsp 
2022-02-26 12:58:16.984 DEBUG [org.apache.jasper.servlet.JspServlet@http-nio-8080-exec-9] PathInfo: null 
2022-02-26 12:58:16.987 DEBUG [org.apache.jasper.servlet.JspServlet@http-nio-8080-exec-9] RealPath: E:\3-GII-IS\DP2\Workspace-22.0\Projects\Acme-One\target\classes\WEB-INF\views\master\page.jsp 
2022-02-26 12:58:16.988 DEBUG [org.apache.jasper.servlet.JspServlet@http-nio-8080-exec-9] RequestURI: /acme-one-22.1/WEB-INF/views/master/page.jsp 
2022-02-26 12:58:16.989 DEBUG [org.apache.jasper.servlet.JspServlet@http-nio-8080-exec-9] QueryString: null 
2022-02-26 12:58:17.112 DEBUG [org.apache.jasper.servlet.JspServlet@http-nio-8080-exec-9] JspEngine --> /WEB-INF/views/fragments/welcome.jsp 
2022-02-26 12:58:17.113 DEBUG [org.apache.jasper.servlet.JspServlet@http-nio-8080-exec-9] ServletPath: /WEB-INF/views/master/page.jsp 
2022-02-26 12:58:17.113 DEBUG [org.apache.jasper.servlet.JspServlet@http-nio-8080-exec-9] PathInfo: null 
2022-02-26 12:58:17.115 DEBUG [org.apache.jasper.servlet.JspServlet@http-nio-8080-exec-9] RealPath: E:\3-GII-IS\DP2\Workspace-22.0\Projects\Acme-One\target\classes\WEB-INF\views\fragments\welcome.jsp 
2022-02-26 12:58:17.116 DEBUG [org.apache.jasper.servlet.JspServlet@http-nio-8080-exec-9] RequestURI: /acme-one-22.1/WEB-INF/views/master/page.jsp 
2022-02-26 12:58:17.116 DEBUG [org.apache.jasper.servlet.JspServlet@http-nio-8080-exec-9] QueryString: null 
2022-02-26 12:58:17.224 DEBUG [org.hibernate.SQL@http-nio-8080-exec-9] select useraccoun0_.id as id1_0_, useraccoun0_.version as version2_0_, useraccoun0_.enabled as enabled1_6_, useraccoun0_.identity as identity2_6_, useraccoun0_.password as password3_6_, useraccoun0_.username as username4_6_ from user_account useraccoun0_ where useraccoun0_.username=? 
2022-02-26 12:58:17.225 TRACE [org.hibernate.type.descriptor.sql.BasicBinder@http-nio-8080-exec-9] binding parameter [1] as [VARCHAR] - [anonymous] 
2022-02-26 12:58:17.227 DEBUG [org.hibernate.SQL@http-nio-8080-exec-9] select roles0_.user_account_id as user_acc1_7_0_, roles0_.id as id1_7_0_, roles0_.id as id1_0_1_, roles0_.version as version2_0_1_, roles0_.user_account_id as user_acc1_7_1_, roles0_.company as company1_4_1_, roles0_.sector as sector2_4_1_, roles0_.company as company1_5_1_, roles0_.sector as sector2_5_1_, roles0_.clazz_ as clazz_1_ from ( select id, version, user_account_id, company, sector, 2 as clazz_ from consumer union all select id, version, user_account_id, company, sector, 3 as clazz_ from provider union all select id, version, user_account_id, null as company, null as sector, 5 as clazz_ from administrator union all select id, version, user_account_id, null as company, null as sector, 6 as clazz_ from anonymous union all select id, version, user_account_id, null as company, null as sector, 7 as clazz_ from authenticated ) roles0_ where roles0_.user_account_id=? 
2022-02-26 12:58:17.228 TRACE [org.hibernate.type.descriptor.sql.BasicBinder@http-nio-8080-exec-9] binding parameter [1] as [INTEGER] - [1] 
